[12/29/21 03:59 下午 ]Both license storage C:\Users\10422\AppData\Roaming\Embarcadero\.licenses\.cg_license and backup file are missing. Will create new ones.
[12/29/21 03:59 下午 ]----------------------------------------
[12/29/21 03:59 下午 ]Operating System: Windows
[12/29/21 03:59 下午 ]Current User: 10422
[12/29/21 03:59 下午 ]System Registration Key: 10569215
[12/29/21 03:59 下午 ]User Lock: c:\users\1042210422
[12/29/21 03:59 下午 ]
[12/29/21 03:59 下午 ]----------------------------------------
[12/29/21 04:06 下午 ]----------------------------------------
[12/29/21 04:06 下午 ]Operating System: Windows
[12/29/21 04:06 下午 ]Current User: 10422
[12/29/21 04:06 下午 ]System Registration Key: 10569215
[12/29/21 04:06 下午 ]User Lock: c:\users\1042210422
[12/29/21 04:06 下午 ]
[12/29/21 04:06 下午 ]----------------------------------------
[12/29/21 05:22 下午 ]----------------------------------------
[12/29/21 05:22 下午 ]Operating System: Windows
[12/29/21 05:22 下午 ]Current User: 10422
[12/29/21 05:22 下午 ]System Registration Key: 10569215
[12/29/21 05:22 下午 ]User Lock: c:\users\1042210422
[12/29/21 05:22 下午 ]
[12/29/21 05:22 下午 ]----------------------------------------
[12/30/21 11:01 上午 ]----------------------------------------
[12/30/21 11:01 上午 ]Operating System: Windows
[12/30/21 11:01 上午 ]Current User: 10422
[12/30/21 11:01 上午 ]System Registration Key: 10569215
[12/30/21 11:01 上午 ]User Lock: c:\users\1042210422
[12/30/21 11:01 上午 ]
[12/30/21 11:01 上午 ]----------------------------------------
[12/30/21 11:09 上午 ]----------------------------------------
[12/30/21 11:09 上午 ]Operating System: Windows
[12/30/21 11:09 上午 ]Current User: 10422
[12/30/21 11:09 上午 ]System Registration Key: 10569215
[12/30/21 11:09 上午 ]User Lock: c:\users\1042210422
[12/30/21 11:09 上午 ]
[12/30/21 11:09 上午 ]----------------------------------------
[12/30/21 11:12 上午 ]----------------------------------------
[12/30/21 11:12 上午 ]Operating System: Windows
[12/30/21 11:12 上午 ]Current User: 10422
[12/30/21 11:12 上午 ]System Registration Key: 10569215
[12/30/21 11:12 上午 ]User Lock: c:\users\1042210422
[12/30/21 11:12 上午 ]
[12/30/21 11:12 上午 ]----------------------------------------
[12/30/21 01:40 下午 ]----------------------------------------
[12/30/21 01:40 下午 ]Operating System: Windows
[12/30/21 01:40 下午 ]Current User: 10422
[12/30/21 01:40 下午 ]System Registration Key: 10569215
[12/30/21 01:40 下午 ]User Lock: c:\users\1042210422
[12/30/21 01:40 下午 ]
[12/30/21 01:40 下午 ]----------------------------------------
